==================================================================
= Multi Theft Auto: San Andreas v1.6
==================================================================
= Server name      : Just Belt Roleplay
= Server IP address: auto
= Server port      : 22003
= 
= Log file         : .. 1.6/server/mods/deathmatch/logs/server.log
= Maximum players  : 50
= HTTP port        : 22005
= Voice Chat       : Disabled
= Bandwidth saving : Medium
==================================================================
[2024-01-30 16:15:46] Compacting accounts database 'internal.db' ...
[2024-01-30 16:15:46] Resources: 1 loaded, 0 failed
[2024-01-30 16:15:46] Compacting database 'registry.db' ...
[2024-01-30 16:15:47] Server password set to 'xdxd123'
[2024-01-30 16:15:47] Starting resources...
[2024-01-30 16:15:47] INFO: Success: Connected to the MySQL database server
[2024-01-30 16:15:47] Authorized serial account protection is enabled for the ACL group(s): `Admin`  See http://mtasa.com/authserial
[2024-01-30 16:15:47] WARNING: <owner_email_address> not set
[2024-01-30 16:15:47] Server started and is ready to accept connections!
[2024-01-30 16:15:47] To stop the server, type 'shutdown' or press Ctrl-C
[2024-01-30 16:15:47] Type 'help' for a list of commands.
[2024-01-30 16:15:48] Querying MTA master server... success! (Auto detected IP:45.234.1.40)
[2024-01-30 16:59:11] Server stopped!
[2024-01-30 16:59:11] Stopping resources....
[2024-01-30 16:59:11] Closing SQLite3 database
